<?xml version="1.0" encoding="UTF-8"?>
<!-- Generated by org.testng.reporters.JUnitReportReporter -->
<testsuite hostname="SwagatikaLenovo" failures="0" tests="1" name="RestAPITests" time="2.240" errors="0" timestamp="2023-09-23T19:17:14 AEST" skipped="0">
  <testcase classname="RestAPITests" name="verifyInfo" time="2.240"/>
  <system-out/>
</testsuite> <!-- RestAPITests -->
