<?xml version="1.0" encoding="UTF-8"?>
<!-- Generated by org.testng.reporters.JUnitReportReporter -->
<testsuite hostname="SwagatikaLenovo" failures="0" tests="1" name="com.swagatika.learning.seleniumtest.RegistrationPageTest" time="18.449" errors="0" timestamp="2023-09-26T00:59:41 AEST" skipped="0">
  <testcase classname="com.swagatika.learning.seleniumtest.RegistrationPageTest" name="validateCartPageTest" time="18.449"/>
  <system-out/>
</testsuite> <!-- com.swagatika.learning.seleniumtest.RegistrationPageTest -->
